nohup: ignoring input
[Wed Jul  1 01:33:44 UTC 2026] Running health check...
HEALTHY: KidCircle API is responding.
[Wed Jul  1 01:36:26 UTC 2026] Starting comprehensive health check...
OK: http://localhost:3000/health is responding.
OK: http://localhost:3000/ is responding.
OK: http://localhost:3000/providers is responding.
OK: http://localhost:3000/register is responding.
HEALTHY: All critical endpoints are responding.
[Wed Jul  1 01:43:46 UTC 2026] Starting comprehensive health check...
OK: http://localhost:3000/health is responding.
OK: http://localhost:3000/ is responding.
OK: http://localhost:3000/providers is responding.
OK: http://localhost:3000/register is responding.
HEALTHY: All critical endpoints are responding.
[Wed Jul  1 01:43:48 UTC 2026] Starting comprehensive health check...
OK: http://localhost:3000/health is responding.
OK: http://localhost:3000/ is responding.
OK: http://localhost:3000/providers is responding.
OK: http://localhost:3000/register is responding.
HEALTHY: All critical endpoints are responding.
[Wed Jul  1 01:48:44 UTC 2026] Starting comprehensive health check...
OK: http://localhost:3000/health is responding.
OK: http://localhost:3000/ is responding.
OK: http://localhost:3000/providers is responding.
OK: http://localhost:3000/register is responding.
HEALTHY: All critical endpoints are responding.
